
cd build && make check
make[1]: Entering directory `/home/CS342/2014/STUD/group15/kunal/pintos/src/vm/build'
pintos -v -k -T 60 --qemu  --fs-disk=2 -p tests/userprog/args-none -a args-none --swap-disk=4 -- -q   -f run args-none < /dev/null 2> tests/userprog/args-none.errors > tests/userprog/args-none.output
perl -I../.. ../../tests/userprog/args-none.ck tests/userprog/args-none tests/userprog/args-none.result
pass tests/userprog/args-none
pintos -v -k -T 60 --qemu  --fs-disk=2 -p tests/userprog/args-single -a args-single --swap-disk=4 -- -q   -f run 'args-single onearg' < /dev/null 2> tests/userprog/args-single.errors > tests/userprog/args-single.output
perl -I../.. ../../tests/userprog/args-single.ck tests/userprog/args-single tests/userprog/args-single.result
pass tests/userprog/args-single
pintos -v -k -T 60 --qemu  --fs-disk=2 -p tests/userprog/args-multiple -a args-multiple --swap-disk=4 -- -q   -f run 'args-multiple some arguments for you!' < /dev/null 2> tests/userprog/args-multiple.errors > tests/userprog/args-multiple.output
perl -I../.. ../../tests/userprog/args-multiple.ck tests/userprog/args-multiple tests/userprog/args-multiple.result
pass tests/userprog/args-multiple
pintos -v -k -T 60 --qemu  --fs-disk=2 -p tests/userprog/args-many -a args-many --swap-disk=4 -- -q   -f run 'args-many a b c d e f g h i j k l m n o p q r s t u v' < /dev/null 2> tests/userprog/args-many.errors > tests/userprog/args-many.output
perl -I../.. ../../tests/userprog/args-many.ck tests/userprog/args-many tests/userprog/args-many.result
pass tests/userprog/args-many
pintos -v -k -T 60 --qemu  --fs-disk=2 -p tests/userprog/args-dbl-space -a args-dbl-space --swap-disk=4 -- -q   -f run 'args-dbl-space two  spaces!' < /dev/null 2> tests/userprog/args-dbl-space.errors > tests/userprog/args-dbl-space.output
perl -I../.. ../../tests/userprog/args-dbl-space.ck tests/userprog/args-dbl-space tests/userprog/args-dbl-space.result
pass tests/userprog/args-dbl-space
pintos -v -k -T 60 --qemu  --fs-disk=2 -p tests/userprog/sc-bad-sp -a sc-bad-sp --swap-disk=4 -- -q   -f run sc-bad-sp < /dev/null 2> tests/userprog/sc-bad-sp.errors > tests/userprog/sc-bad-sp.output
perl -I../.. ../../tests/userprog/sc-bad-sp.ck tests/userprog/sc-bad-sp tests/userprog/sc-bad-sp.result
pass tests/userprog/sc-bad-sp
pintos -v -k -T 60 --qemu  --fs-disk=2 -p tests/userprog/sc-bad-arg -a sc-bad-arg --swap-disk=4 -- -q   -f run sc-bad-arg < /dev/null 2> tests/userprog/sc-bad-arg.errors > tests/userprog/sc-bad-arg.output
perl -I../.. ../../tests/userprog/sc-bad-arg.ck tests/userprog/sc-bad-arg tests/userprog/sc-bad-arg.result
pass tests/userprog/sc-bad-arg
pintos -v -k -T 60 --qemu  --fs-disk=2 -p tests/userprog/sc-boundary -a sc-boundary --swap-disk=4 -- -q   -f run sc-boundary < /dev/null 2> tests/userprog/sc-boundary.errors > tests/userprog/sc-boundary.output
perl -I../.. ../../tests/userprog/sc-boundary.ck tests/userprog/sc-boundary tests/userprog/sc-boundary.result
pass tests/userprog/sc-boundary
pintos -v -k -T 60 --qemu  --fs-disk=2 -p tests/userprog/sc-boundary-2 -a sc-boundary-2 --swap-disk=4 -- -q   -f run sc-boundary-2 < /dev/null 2> tests/userprog/sc-boundary-2.errors > tests/userprog/sc-boundary-2.output
perl -I../.. ../../tests/userprog/sc-boundary-2.ck tests/userprog/sc-boundary-2 tests/userprog/sc-boundary-2.result
pass tests/userprog/sc-boundary-2
pintos -v -k -T 60 --qemu  --fs-disk=2 -p tests/userprog/halt -a halt --swap-disk=4 -- -q   -f run halt < /dev/null 2> tests/userprog/halt.errors > tests/userprog/halt.output
perl -I../.. ../../tests/userprog/halt.ck tests/userprog/halt tests/userprog/halt.result
pass tests/userprog/halt
pintos -v -k -T 60 --qemu  --fs-disk=2 -p tests/userprog/exit -a exit --swap-disk=4 -- -q   -f run exit < /dev/null 2> tests/userprog/exit.errors > tests/userprog/exit.output
perl -I../.. ../../tests/userprog/exit.ck tests/userprog/exit tests/userprog/exit.result
pass tests/userprog/exit
pintos -v -k -T 60 --qemu  --fs-disk=2 -p tests/userprog/create-normal -a create-normal --swap-disk=4 -- -q   -f run create-normal < /dev/null 2> tests/userprog/create-normal.errors > tests/userprog/create-normal.output
perl -I../.. ../../tests/userprog/create-normal.ck tests/userprog/create-normal tests/userprog/create-normal.result
pass tests/userprog/create-normal
pintos -v -k -T 60 --qemu  --fs-disk=2 -p tests/userprog/create-empty -a create-empty --swap-disk=4 -- -q   -f run create-empty < /dev/null 2> tests/userprog/create-empty.errors > tests/userprog/create-empty.output
perl -I../.. ../../tests/userprog/create-empty.ck tests/userprog/create-empty tests/userprog/create-empty.result
pass tests/userprog/create-empty
pintos -v -k -T 60 --qemu  --fs-disk=2 -p tests/userprog/create-null -a create-null --swap-disk=4 -- -q   -f run create-null < /dev/null 2> tests/userprog/create-null.errors > tests/userprog/create-null.output
perl -I../.. ../../tests/userprog/create-null.ck tests/userprog/create-null tests/userprog/create-null.result
pass tests/userprog/create-null
pintos -v -k -T 60 --qemu  --fs-disk=2 -p tests/userprog/create-bad-ptr -a create-bad-ptr --swap-disk=4 -- -q   -f run create-bad-ptr < /dev/null 2> tests/userprog/create-bad-ptr.errors > tests/userprog/create-bad-ptr.output
perl -I../.. ../../tests/userprog/create-bad-ptr.ck tests/userprog/create-bad-ptr tests/userprog/create-bad-ptr.result
pass tests/userprog/create-bad-ptr
pintos -v -k -T 60 --qemu  --fs-disk=2 -p tests/userprog/create-long -a create-long --swap-disk=4 -- -q   -f run create-long < /dev/null 2> tests/userprog/create-long.errors > tests/userprog/create-long.output
perl -I../.. ../../tests/userprog/create-long.ck tests/userprog/create-long tests/userprog/create-long.result
pass tests/userprog/create-long
pintos -v -k -T 60 --qemu  --fs-disk=2 -p tests/userprog/create-exists -a create-exists --swap-disk=4 -- -q   -f run create-exists < /dev/null 2> tests/userprog/create-exists.errors > tests/userprog/create-exists.output
perl -I../.. ../../tests/userprog/create-exists.ck tests/userprog/create-exists tests/userprog/create-exists.result
pass tests/userprog/create-exists
pintos -v -k -T 60 --qemu  --fs-disk=2 -p tests/userprog/create-bound -a create-bound --swap-disk=4 -- -q   -f run create-bound < /dev/null 2> tests/userprog/create-bound.errors > tests/userprog/create-bound.output
perl -I../.. ../../tests/userprog/create-bound.ck tests/userprog/create-bound tests/userprog/create-bound.result
pass tests/userprog/create-bound
pintos -v -k -T 60 --qemu  --fs-disk=2 -p tests/userprog/open-normal -a open-normal -p ../../tests/userprog/sample.txt -a sample.txt --swap-disk=4 -- -q   -f run open-normal < /dev/null 2> tests/userprog/open-normal.errors > tests/userprog/open-normal.output
perl -I../.. ../../tests/userprog/open-normal.ck tests/userprog/open-normal tests/userprog/open-normal.result
pass tests/userprog/open-normal
pintos -v -k -T 60 --qemu  --fs-disk=2 -p tests/userprog/open-missing -a open-missing --swap-disk=4 -- -q   -f run open-missing < /dev/null 2> tests/userprog/open-missing.errors > tests/userprog/open-missing.output
perl -I../.. ../../tests/userprog/open-missing.ck tests/userprog/open-missing tests/userprog/open-missing.result
pass tests/userprog/open-missing
pintos -v -k -T 60 --qemu  --fs-disk=2 -p tests/userprog/open-boundary -a open-boundary -p ../../tests/userprog/sample.txt -a sample.txt --swap-disk=4 -- -q   -f run open-boundary < /dev/null 2> tests/userprog/open-boundary.errors > tests/userprog/open-boundary.output
perl -I../.. ../../tests/userprog/open-boundary.ck tests/userprog/open-boundary tests/userprog/open-boundary.result
pass tests/userprog/open-boundary
pintos -v -k -T 60 --qemu  --fs-disk=2 -p tests/userprog/open-empty -a open-empty --swap-disk=4 -- -q   -f run open-empty < /dev/null 2> tests/userprog/open-empty.errors > tests/userprog/open-empty.output
perl -I../.. ../../tests/userprog/open-empty.ck tests/userprog/open-empty tests/userprog/open-empty.result
pass tests/userprog/open-empty
pintos -v -k -T 60 --qemu  --fs-disk=2 -p tests/userprog/open-null -a open-null --swap-disk=4 -- -q   -f run open-null < /dev/null 2> tests/userprog/open-null.errors > tests/userprog/open-null.output
perl -I../.. ../../tests/userprog/open-null.ck tests/userprog/open-null tests/userprog/open-null.result
pass tests/userprog/open-null
pintos -v -k -T 60 --qemu  --fs-disk=2 -p tests/userprog/open-bad-ptr -a open-bad-ptr --swap-disk=4 -- -q   -f run open-bad-ptr < /dev/null 2> tests/userprog/open-bad-ptr.errors > tests/userprog/open-bad-ptr.output
perl -I../.. ../../tests/userprog/open-bad-ptr.ck tests/userprog/open-bad-ptr tests/userprog/open-bad-ptr.result
pass tests/userprog/open-bad-ptr
pintos -v -k -T 60 --qemu  --fs-disk=2 -p tests/userprog/open-twice -a open-twice -p ../../tests/userprog/sample.txt -a sample.txt --swap-disk=4 -- -q   -f run open-twice < /dev/null 2> tests/userprog/open-twice.errors > tests/userprog/open-twice.output
perl -I../.. ../../tests/userprog/open-twice.ck tests/userprog/open-twice tests/userprog/open-twice.result
pass tests/userprog/open-twice
pintos -v -k -T 60 --qemu  --fs-disk=2 -p tests/userprog/close-normal -a close-normal -p ../../tests/userprog/sample.txt -a sample.txt --swap-disk=4 -- -q   -f run close-normal < /dev/null 2> tests/userprog/close-normal.errors > tests/userprog/close-normal.output
perl -I../.. ../../tests/userprog/close-normal.ck tests/userprog/close-normal tests/userprog/close-normal.result
pass tests/userprog/close-normal
pintos -v -k -T 60 --qemu  --fs-disk=2 -p tests/userprog/close-twice -a close-twice -p ../../tests/userprog/sample.txt -a sample.txt --swap-disk=4 -- -q   -f run close-twice < /dev/null 2> tests/userprog/close-twice.errors > tests/userprog/close-twice.output
perl -I../.. ../../tests/userprog/close-twice.ck tests/userprog/close-twice tests/userprog/close-twice.result
pass tests/userprog/close-twice
pintos -v -k -T 60 --qemu  --fs-disk=2 -p tests/userprog/close-stdin -a close-stdin --swap-disk=4 -- -q   -f run close-stdin < /dev/null 2> tests/userprog/close-stdin.errors > tests/userprog/close-stdin.output
perl -I../.. ../../tests/userprog/close-stdin.ck tests/userprog/close-stdin tests/userprog/close-stdin.result
pass tests/userprog/close-stdin
pintos -v -k -T 60 --qemu  --fs-disk=2 -p tests/userprog/close-stdout -a close-stdout --swap-disk=4 -- -q   -f run close-stdout < /dev/null 2> tests/userprog/close-stdout.errors > tests/userprog/close-stdout.output
perl -I../.. ../../tests/userprog/close-stdout.ck tests/userprog/close-stdout tests/userprog/close-stdout.result
pass tests/userprog/close-stdout
pintos -v -k -T 60 --qemu  --fs-disk=2 -p tests/userprog/close-bad-fd -a close-bad-fd --swap-disk=4 -- -q   -f run close-bad-fd < /dev/null 2> tests/userprog/close-bad-fd.errors > tests/userprog/close-bad-fd.output
perl -I../.. ../../tests/userprog/close-bad-fd.ck tests/userprog/close-bad-fd tests/userprog/close-bad-fd.result
pass tests/userprog/close-bad-fd
pintos -v -k -T 60 --qemu  --fs-disk=2 -p tests/userprog/read-normal -a read-normal -p ../../tests/userprog/sample.txt -a sample.txt --swap-disk=4 -- -q   -f run read-normal < /dev/null 2> tests/userprog/read-normal.errors > tests/userprog/read-normal.output
perl -I../.. ../../tests/userprog/read-normal.ck tests/userprog/read-normal tests/userprog/read-normal.result
pass tests/userprog/read-normal
pintos -v -k -T 60 --qemu  --fs-disk=2 -p tests/userprog/read-bad-ptr -a read-bad-ptr -p ../../tests/userprog/sample.txt -a sample.txt --swap-disk=4 -- -q   -f run read-bad-ptr < /dev/null 2> tests/userprog/read-bad-ptr.errors > tests/userprog/read-bad-ptr.output
perl -I../.. ../../tests/userprog/read-bad-ptr.ck tests/userprog/read-bad-ptr tests/userprog/read-bad-ptr.result
pass tests/userprog/read-bad-ptr
pintos -v -k -T 60 --qemu  --fs-disk=2 -p tests/userprog/read-boundary -a read-boundary -p ../../tests/userprog/sample.txt -a sample.txt --swap-disk=4 -- -q   -f run read-boundary < /dev/null 2> tests/userprog/read-boundary.errors > tests/userprog/read-boundary.output
perl -I../.. ../../tests/userprog/read-boundary.ck tests/userprog/read-boundary tests/userprog/read-boundary.result
FAIL tests/userprog/read-boundary
Kernel panic in run: PANIC at ../../threads/synch.c:203 in lock_acquire(): assertion `!lock_held_by_current_thread (lock)' failed.
Call stack: 0xc0120db8
Translation of call stack:
0xc0120db8: (unknown)
pintos -v -k -T 60 --qemu  --fs-disk=2 -p tests/userprog/read-zero -a read-zero -p ../../tests/userprog/sample.txt -a sample.txt --swap-disk=4 -- -q   -f run read-zero < /dev/null 2> tests/userprog/read-zero.errors > tests/userprog/read-zero.output
perl -I../.. ../../tests/userprog/read-zero.ck tests/userprog/read-zero tests/userprog/read-zero.result
pass tests/userprog/read-zero
pintos -v -k -T 60 --qemu  --fs-disk=2 -p tests/userprog/read-stdout -a read-stdout --swap-disk=4 -- -q   -f run read-stdout < /dev/null 2> tests/userprog/read-stdout.errors > tests/userprog/read-stdout.output
perl -I../.. ../../tests/userprog/read-stdout.ck tests/userprog/read-stdout tests/userprog/read-stdout.result
pass tests/userprog/read-stdout
pintos -v -k -T 60 --qemu  --fs-disk=2 -p tests/userprog/read-bad-fd -a read-bad-fd --swap-disk=4 -- -q   -f run read-bad-fd < /dev/null 2> tests/userprog/read-bad-fd.errors > tests/userprog/read-bad-fd.output
perl -I../.. ../../tests/userprog/read-bad-fd.ck tests/userprog/read-bad-fd tests/userprog/read-bad-fd.result
pass tests/userprog/read-bad-fd
pintos -v -k -T 60 --qemu  --fs-disk=2 -p tests/userprog/write-normal -a write-normal -p ../../tests/userprog/sample.txt -a sample.txt --swap-disk=4 -- -q   -f run write-normal < /dev/null 2> tests/userprog/write-normal.errors > tests/userprog/write-normal.output
perl -I../.. ../../tests/userprog/write-normal.ck tests/userprog/write-normal tests/userprog/write-normal.result
pass tests/userprog/write-normal
pintos -v -k -T 60 --qemu  --fs-disk=2 -p tests/userprog/write-bad-ptr -a write-bad-ptr -p ../../tests/userprog/sample.txt -a sample.txt --swap-disk=4 -- -q   -f run write-bad-ptr < /dev/null 2> tests/userprog/write-bad-ptr.errors > tests/userprog/write-bad-ptr.output
perl -I../.. ../../tests/userprog/write-bad-ptr.ck tests/userprog/write-bad-ptr tests/userprog/write-bad-ptr.result
pass tests/userprog/write-bad-ptr
pintos -v -k -T 60 --qemu  --fs-disk=2 -p tests/userprog/write-boundary -a write-boundary -p ../../tests/userprog/sample.txt -a sample.txt --swap-disk=4 -- -q   -f run write-boundary < /dev/null 2> tests/userprog/write-boundary.errors > tests/userprog/write-boundary.output
perl -I../.. ../../tests/userprog/write-boundary.ck tests/userprog/write-boundary tests/userprog/write-boundary.result
pass tests/userprog/write-boundary
pintos -v -k -T 60 --qemu  --fs-disk=2 -p tests/userprog/write-zero -a write-zero -p ../../tests/userprog/sample.txt -a sample.txt --swap-disk=4 -- -q   -f run write-zero < /dev/null 2> tests/userprog/write-zero.errors > tests/userprog/write-zero.output
perl -I../.. ../../tests/userprog/write-zero.ck tests/userprog/write-zero tests/userprog/write-zero.result
pass tests/userprog/write-zero
pintos -v -k -T 60 --qemu  --fs-disk=2 -p tests/userprog/write-stdin -a write-stdin --swap-disk=4 -- -q   -f run write-stdin < /dev/null 2> tests/userprog/write-stdin.errors > tests/userprog/write-stdin.output
perl -I../.. ../../tests/userprog/write-stdin.ck tests/userprog/write-stdin tests/userprog/write-stdin.result
pass tests/userprog/write-stdin
pintos -v -k -T 60 --qemu  --fs-disk=2 -p tests/userprog/write-bad-fd -a write-bad-fd --swap-disk=4 -- -q   -f run write-bad-fd < /dev/null 2> tests/userprog/write-bad-fd.errors > tests/userprog/write-bad-fd.output
perl -I../.. ../../tests/userprog/write-bad-fd.ck tests/userprog/write-bad-fd tests/userprog/write-bad-fd.result
pass tests/userprog/write-bad-fd
pintos -v -k -T 60 --qemu  --fs-disk=2 -p tests/userprog/exec-once -a exec-once -p tests/userprog/child-simple -a child-simple --swap-disk=4 -- -q   -f run exec-once < /dev/null 2> tests/userprog/exec-once.errors > tests/userprog/exec-once.output
perl -I../.. ../../tests/userprog/exec-once.ck tests/userprog/exec-once tests/userprog/exec-once.result
pass tests/userprog/exec-once
pintos -v -k -T 60 --qemu  --fs-disk=2 -p tests/userprog/exec-arg -a exec-arg -p tests/userprog/child-args -a child-args --swap-disk=4 -- -q   -f run exec-arg < /dev/null 2> tests/userprog/exec-arg.errors > tests/userprog/exec-arg.output
perl -I../.. ../../tests/userprog/exec-arg.ck tests/userprog/exec-arg tests/userprog/exec-arg.result
pass tests/userprog/exec-arg
pintos -v -k -T 60 --qemu  --fs-disk=2 -p tests/userprog/exec-multiple -a exec-multiple -p tests/userprog/child-simple -a child-simple --swap-disk=4 -- -q   -f run exec-multiple < /dev/null 2> tests/userprog/exec-multiple.errors > tests/userprog/exec-multiple.output
perl -I../.. ../../tests/userprog/exec-multiple.ck tests/userprog/exec-multiple tests/userprog/exec-multiple.result
pass tests/userprog/exec-multiple
pintos -v -k -T 60 --qemu  --fs-disk=2 -p tests/userprog/exec-missing -a exec-missing --swap-disk=4 -- -q   -f run exec-missing < /dev/null 2> tests/userprog/exec-missing.errors > tests/userprog/exec-missing.output
perl -I../.. ../../tests/userprog/exec-missing.ck tests/userprog/exec-missing tests/userprog/exec-missing.result
pass tests/userprog/exec-missing
pintos -v -k -T 60 --qemu  --fs-disk=2 -p tests/userprog/exec-bad-ptr -a exec-bad-ptr --swap-disk=4 -- -q   -f run exec-bad-ptr < /dev/null 2> tests/userprog/exec-bad-ptr.errors > tests/userprog/exec-bad-ptr.output
perl -I../.. ../../tests/userprog/exec-bad-ptr.ck tests/userprog/exec-bad-ptr tests/userprog/exec-bad-ptr.result
pass tests/userprog/exec-bad-ptr
pintos -v -k -T 60 --qemu  --fs-disk=2 -p tests/userprog/wait-simple -a wait-simple -p tests/userprog/child-simple -a child-simple --swap-disk=4 -- -q   -f run wait-simple < /dev/null 2> tests/userprog/wait-simple.errors > tests/userprog/wait-simple.output
perl -I../.. ../../tests/userprog/wait-simple.ck tests/userprog/wait-simple tests/userprog/wait-simple.result
pass tests/userprog/wait-simple
pintos -v -k -T 60 --qemu  --fs-disk=2 -p tests/userprog/wait-twice -a wait-twice -p tests/userprog/child-simple -a child-simple --swap-disk=4 -- -q   -f run wait-twice < /dev/null 2> tests/userprog/wait-twice.errors > tests/userprog/wait-twice.output
perl -I../.. ../../tests/userprog/wait-twice.ck tests/userprog/wait-twice tests/userprog/wait-twice.result
pass tests/userprog/wait-twice
pintos -v -k -T 60 --qemu  --fs-disk=2 -p tests/userprog/wait-killed -a wait-killed -p tests/userprog/child-bad -a child-bad --swap-disk=4 -- -q   -f run wait-killed < /dev/null 2> tests/userprog/wait-killed.errors > tests/userprog/wait-killed.output
perl -I../.. ../../tests/userprog/wait-killed.ck tests/userprog/wait-killed tests/userprog/wait-killed.result
pass tests/userprog/wait-killed
pintos -v -k -T 60 --qemu  --fs-disk=2 -p tests/userprog/wait-bad-pid -a wait-bad-pid --swap-disk=4 -- -q   -f run wait-bad-pid < /dev/null 2> tests/userprog/wait-bad-pid.errors > tests/userprog/wait-bad-pid.output
perl -I../.. ../../tests/userprog/wait-bad-pid.ck tests/userprog/wait-bad-pid tests/userprog/wait-bad-pid.result
pass tests/userprog/wait-bad-pid
pintos -v -k -T 60 --qemu  --fs-disk=2 -p tests/userprog/multi-recurse -a multi-recurse --swap-disk=4 -- -q   -f run 'multi-recurse 15' < /dev/null 2> tests/userprog/multi-recurse.errors > tests/userprog/multi-recurse.output
perl -I../.. ../../tests/userprog/multi-recurse.ck tests/userprog/multi-recurse tests/userprog/multi-recurse.result
pass tests/userprog/multi-recurse
pintos -v -k -T 60 --qemu  --fs-disk=2 -p tests/userprog/multi-child-fd -a multi-child-fd -p ../../tests/userprog/sample.txt -a sample.txt -p tests/userprog/child-close -a child-close --swap-disk=4 -- -q   -f run multi-child-fd < /dev/null 2> tests/userprog/multi-child-fd.errors > tests/userprog/multi-child-fd.output
perl -I../.. ../../tests/userprog/multi-child-fd.ck tests/userprog/multi-child-fd tests/userprog/multi-child-fd.result
pass tests/userprog/multi-child-fd
pintos -v -k -T 60 --qemu  --fs-disk=2 -p tests/userprog/rox-simple -a rox-simple --swap-disk=4 -- -q   -f run rox-simple < /dev/null 2> tests/userprog/rox-simple.errors > tests/userprog/rox-simple.output
perl -I../.. ../../tests/userprog/rox-simple.ck tests/userprog/rox-simple tests/userprog/rox-simple.result
FAIL tests/userprog/rox-simple
run: try to write "rox-simple": FAILED
pintos -v -k -T 60 --qemu  --fs-disk=2 -p tests/userprog/rox-child -a rox-child -p tests/userprog/child-rox -a child-rox --swap-disk=4 -- -q   -f run rox-child < /dev/null 2> tests/userprog/rox-child.errors > tests/userprog/rox-child.output
perl -I../.. ../../tests/userprog/rox-child.ck tests/userprog/rox-child tests/userprog/rox-child.result
FAIL tests/userprog/rox-child
run: try to write "child-rox": FAILED
pintos -v -k -T 60 --qemu  --fs-disk=2 -p tests/userprog/rox-multichild -a rox-multichild -p tests/userprog/child-rox -a child-rox --swap-disk=4 -- -q   -f run rox-multichild < /dev/null 2> tests/userprog/rox-multichild.errors > tests/userprog/rox-multichild.output
perl -I../.. ../../tests/userprog/rox-multichild.ck tests/userprog/rox-multichild tests/userprog/rox-multichild.result
FAIL tests/userprog/rox-multichild
run: try to write "child-rox": FAILED
pintos -v -k -T 60 --qemu  --fs-disk=2 -p tests/userprog/bad-read -a bad-read --swap-disk=4 -- -q   -f run bad-read < /dev/null 2> tests/userprog/bad-read.errors > tests/userprog/bad-read.output
perl -I../.. ../../tests/userprog/bad-read.ck tests/userprog/bad-read tests/userprog/bad-read.result
pass tests/userprog/bad-read
pintos -v -k -T 60 --qemu  --fs-disk=2 -p tests/userprog/bad-write -a bad-write --swap-disk=4 -- -q   -f run bad-write < /dev/null 2> tests/userprog/bad-write.errors > tests/userprog/bad-write.output
perl -I../.. ../../tests/userprog/bad-write.ck tests/userprog/bad-write tests/userprog/bad-write.result
pass tests/userprog/bad-write
pintos -v -k -T 60 --qemu  --fs-disk=2 -p tests/userprog/bad-read2 -a bad-read2 --swap-disk=4 -- -q   -f run bad-read2 < /dev/null 2> tests/userprog/bad-read2.errors > tests/userprog/bad-read2.output
perl -I../.. ../../tests/userprog/bad-read2.ck tests/userprog/bad-read2 tests/userprog/bad-read2.result
pass tests/userprog/bad-read2
pintos -v -k -T 60 --qemu  --fs-disk=2 -p tests/userprog/bad-write2 -a bad-write2 --swap-disk=4 -- -q   -f run bad-write2 < /dev/null 2> tests/userprog/bad-write2.errors > tests/userprog/bad-write2.output
perl -I../.. ../../tests/userprog/bad-write2.ck tests/userprog/bad-write2 tests/userprog/bad-write2.result
pass tests/userprog/bad-write2
pintos -v -k -T 60 --qemu  --fs-disk=2 -p tests/userprog/bad-jump -a bad-jump --swap-disk=4 -- -q   -f run bad-jump < /dev/null 2> tests/userprog/bad-jump.errors > tests/userprog/bad-jump.output
perl -I../.. ../../tests/userprog/bad-jump.ck tests/userprog/bad-jump tests/userprog/bad-jump.result
pass tests/userprog/bad-jump
pintos -v -k -T 60 --qemu  --fs-disk=2 -p tests/userprog/bad-jump2 -a bad-jump2 --swap-disk=4 -- -q   -f run bad-jump2 < /dev/null 2> tests/userprog/bad-jump2.errors > tests/userprog/bad-jump2.output
perl -I../.. ../../tests/userprog/bad-jump2.ck tests/userprog/bad-jump2 tests/userprog/bad-jump2.result
pass tests/userprog/bad-jump2
pintos -v -k -T 60 --qemu  --fs-disk=2 -p tests/vm/pt-grow-stack -a pt-grow-stack --swap-disk=4 -- -q   -f run pt-grow-stack < /dev/null 2> tests/vm/pt-grow-stack.errors > tests/vm/pt-grow-stack.output
perl -I../.. ../../tests/vm/pt-grow-stack.ck tests/vm/pt-grow-stack tests/vm/pt-grow-stack.result
FAIL tests/vm/pt-grow-stack
Test output failed to match any acceptable form.

Acceptable output:
  (pt-grow-stack) begin
  (pt-grow-stack) cksum: 3424492700
  (pt-grow-stack) end
Differences in `diff -u' format:
  (pt-grow-stack) begin
- (pt-grow-stack) cksum: 3424492700
- (pt-grow-stack) end

(Process exit codes are excluded for matching purposes.)
pintos -v -k -T 60 --qemu  --fs-disk=2 -p tests/vm/pt-grow-pusha -a pt-grow-pusha --swap-disk=4 -- -q   -f run pt-grow-pusha < /dev/null 2> tests/vm/pt-grow-pusha.errors > tests/vm/pt-grow-pusha.output
perl -I../.. ../../tests/vm/pt-grow-pusha.ck tests/vm/pt-grow-pusha tests/vm/pt-grow-pusha.result
FAIL tests/vm/pt-grow-pusha
Test output failed to match any acceptable form.

Acceptable output:
  (pt-grow-pusha) begin
  (pt-grow-pusha) end
Differences in `diff -u' format:
  (pt-grow-pusha) begin
- (pt-grow-pusha) end

(Process exit codes are excluded for matching purposes.)
pintos -v -k -T 60 --qemu  --fs-disk=2 -p tests/vm/pt-grow-bad -a pt-grow-bad --swap-disk=4 -- -q   -f run pt-grow-bad < /dev/null 2> tests/vm/pt-grow-bad.errors > tests/vm/pt-grow-bad.output
perl -I../.. ../../tests/vm/pt-grow-bad.ck tests/vm/pt-grow-bad tests/vm/pt-grow-bad.result
pass tests/vm/pt-grow-bad
pintos -v -k -T 60 --qemu  --fs-disk=2 -p tests/vm/pt-big-stk-obj -a pt-big-stk-obj --swap-disk=4 -- -q   -f run pt-big-stk-obj < /dev/null 2> tests/vm/pt-big-stk-obj.errors > tests/vm/pt-big-stk-obj.output
perl -I../.. ../../tests/vm/pt-big-stk-obj.ck tests/vm/pt-big-stk-obj tests/vm/pt-big-stk-obj.result
FAIL tests/vm/pt-big-stk-obj
Test output failed to match any acceptable form.

Acceptable output:
  (pt-big-stk-obj) begin
  (pt-big-stk-obj) cksum: 3256410166
  (pt-big-stk-obj) end
Differences in `diff -u' format:
  (pt-big-stk-obj) begin
- (pt-big-stk-obj) cksum: 3256410166
- (pt-big-stk-obj) end

(Process exit codes are excluded for matching purposes.)
pintos -v -k -T 60 --qemu  --fs-disk=2 -p tests/vm/pt-bad-addr -a pt-bad-addr --swap-disk=4 -- -q   -f run pt-bad-addr < /dev/null 2> tests/vm/pt-bad-addr.errors > tests/vm/pt-bad-addr.output
perl -I../.. ../../tests/vm/pt-bad-addr.ck tests/vm/pt-bad-addr tests/vm/pt-bad-addr.result
pass tests/vm/pt-bad-addr
pintos -v -k -T 60 --qemu  --fs-disk=2 -p tests/vm/pt-bad-read -a pt-bad-read -p ../../tests/vm/sample.txt -a sample.txt --swap-disk=4 -- -q   -f run pt-bad-read < /dev/null 2> tests/vm/pt-bad-read.errors > tests/vm/pt-bad-read.output
perl -I../.. ../../tests/vm/pt-bad-read.ck tests/vm/pt-bad-read tests/vm/pt-bad-read.result
pass tests/vm/pt-bad-read
pintos -v -k -T 60 --qemu  --fs-disk=2 -p tests/vm/pt-write-code -a pt-write-code --swap-disk=4 -- -q   -f run pt-write-code < /dev/null 2> tests/vm/pt-write-code.errors > tests/vm/pt-write-code.output
perl -I../.. ../../tests/vm/pt-write-code.ck tests/vm/pt-write-code tests/vm/pt-write-code.result
pass tests/vm/pt-write-code
pintos -v -k -T 60 --qemu  --fs-disk=2 -p tests/vm/pt-write-code2 -a pt-write-code2 -p ../../tests/vm/sample.txt -a sample.txt --swap-disk=4 -- -q   -f run pt-write-code2 < /dev/null 2> tests/vm/pt-write-code2.errors > tests/vm/pt-write-code2.output
perl -I../.. ../../tests/vm/pt-write-code2.ck tests/vm/pt-write-code2 tests/vm/pt-write-code2.result
FAIL tests/vm/pt-write-code2
run: TIMEOUT after 60 seconds of host CPU time
pintos -v -k -T 60 --qemu  --fs-disk=2 -p tests/vm/pt-grow-stk-sc -a pt-grow-stk-sc --swap-disk=4 -- -q   -f run pt-grow-stk-sc < /dev/null 2> tests/vm/pt-grow-stk-sc.errors > tests/vm/pt-grow-stk-sc.output
perl -I../.. ../../tests/vm/pt-grow-stk-sc.ck tests/vm/pt-grow-stk-sc tests/vm/pt-grow-stk-sc.result
FAIL tests/vm/pt-grow-stk-sc
Test output failed to match any acceptable form.

Acceptable output:
  (pt-grow-stk-sc) begin
  (pt-grow-stk-sc) create "sample.txt"
  (pt-grow-stk-sc) open "sample.txt"
  (pt-grow-stk-sc) write "sample.txt"
  (pt-grow-stk-sc) 2nd open "sample.txt"
  (pt-grow-stk-sc) read "sample.txt"
  (pt-grow-stk-sc) compare written data against read data
  (pt-grow-stk-sc) end
Differences in `diff -u' format:
  (pt-grow-stk-sc) begin
- (pt-grow-stk-sc) create "sample.txt"
- (pt-grow-stk-sc) open "sample.txt"
- (pt-grow-stk-sc) write "sample.txt"
- (pt-grow-stk-sc) 2nd open "sample.txt"
- (pt-grow-stk-sc) read "sample.txt"
- (pt-grow-stk-sc) compare written data against read data
- (pt-grow-stk-sc) end

(Process exit codes are excluded for matching purposes.)
pintos -v -k -T 300 --qemu  --fs-disk=2 -p tests/vm/page-linear -a page-linear --swap-disk=4 -- -q   -f run page-linear < /dev/null 2> tests/vm/page-linear.errors > tests/vm/page-linear.output
perl -I../.. ../../tests/vm/page-linear.ck tests/vm/page-linear tests/vm/page-linear.result
FAIL tests/vm/page-linear
Test output failed to match any acceptable form.

Acceptable output:
  (page-linear) begin
  (page-linear) initialize
  (page-linear) read pass
  (page-linear) read/modify/write pass one
  (page-linear) read/modify/write pass two
  (page-linear) read pass
  (page-linear) end
Differences in `diff -u' format:
  (page-linear) begin
  (page-linear) initialize
- (page-linear) read pass
- (page-linear) read/modify/write pass one
- (page-linear) read/modify/write pass two
- (page-linear) read pass
- (page-linear) end

(Process exit codes are excluded for matching purposes.)
pintos -v -k -T 60 --qemu  --fs-disk=2 -p tests/vm/page-parallel -a page-parallel -p tests/vm/child-linear -a child-linear --swap-disk=4 -- -q   -f run page-parallel < /dev/null 2> tests/vm/page-parallel.errors > tests/vm/page-parallel.output
perl -I../.. ../../tests/vm/page-parallel.ck tests/vm/page-parallel tests/vm/page-parallel.result
FAIL tests/vm/page-parallel
Kernel panic in run: PANIC at ../../threads/vaddr.h:74 in ptov(): assertion `(void *) paddr < PHYS_BASE' failed.
Call stack: 0xc014aea4c
Translation of call stack:
0xc014aea4c: (unknown)
pintos -v -k -T 600 --qemu  --fs-disk=2 -p tests/vm/page-merge-seq -a page-merge-seq -p tests/vm/child-sort -a child-sort --swap-disk=4 -- -q   -f run page-merge-seq < /dev/null 2> tests/vm/page-merge-seq.errors > tests/vm/page-merge-seq.output
perl -I../.. ../../tests/vm/page-merge-seq.ck tests/vm/page-merge-seq tests/vm/page-merge-seq.result
FAIL tests/vm/page-merge-seq
Kernel panic in run: PANIC at ../../threads/synch.c:203 in lock_acquire(): assertion `!lock_held_by_current_thread (lock)' failed.
Call stack: 0xc0134dac
Translation of call stack:
0xc0134dac: (unknown)
pintos -v -k -T 600 --qemu  --fs-disk=2 -p tests/vm/page-merge-par -a page-merge-par -p tests/vm/child-sort -a child-sort --swap-disk=4 -- -q   -f run page-merge-par < /dev/null 2> tests/vm/page-merge-par.errors > tests/vm/page-merge-par.output
perl -I../.. ../../tests/vm/page-merge-par.ck tests/vm/page-merge-par tests/vm/page-merge-par.result
FAIL tests/vm/page-merge-par
Kernel panic in run: PANIC at ../../threads/synch.c:203 in lock_acquire(): assertion `!lock_held_by_current_thread (lock)' failed.
Call stack: 0xc0135dac
Translation of call stack:
0xc0135dac: (unknown)
pintos -v -k -T 60 --qemu  --fs-disk=2 -p tests/vm/page-merge-stk -a page-merge-stk -p tests/vm/child-qsort -a child-qsort --swap-disk=4 -- -q   -f run page-merge-stk < /dev/null 2> tests/vm/page-merge-stk.errors > tests/vm/page-merge-stk.output
perl -I../.. ../../tests/vm/page-merge-stk.ck tests/vm/page-merge-stk tests/vm/page-merge-stk.result
FAIL tests/vm/page-merge-stk
Kernel panic in run: PANIC at ../../threads/palloc.c:150 in palloc_free_multiple(): assertion `bitmap_all (pool->used_map, page_idx, page_cnt)' failed.
Call stack: 0xc013fe64
Translation of call stack:
0xc013fe64: (unknown)
pintos -v -k -T 60 --qemu  --fs-disk=2 -p tests/vm/page-merge-mm -a page-merge-mm -p tests/vm/child-qsort-mm -a child-qsort-mm --swap-disk=4 -- -q   -f run page-merge-mm < /dev/null 2> tests/vm/page-merge-mm.errors > tests/vm/page-merge-mm.output
perl -I../.. ../../tests/vm/page-merge-mm.ck tests/vm/page-merge-mm tests/vm/page-merge-mm.result
FAIL tests/vm/page-merge-mm
Kernel panic in run: PANIC at ../../threads/palloc.c:150 in palloc_free_multiple(): assertion `bitmap_all (pool->used_map, page_idx, page_cnt)' failed.
Call stack: 0xc0141e94
Translation of call stack:
0xc0141e94: (unknown)
pintos -v -k -T 600 --qemu  --fs-disk=2 -p tests/vm/page-shuffle -a page-shuffle --swap-disk=4 -- -q   -f run page-shuffle < /dev/null 2> tests/vm/page-shuffle.errors > tests/vm/page-shuffle.output
perl -I../.. ../../tests/vm/page-shuffle.ck tests/vm/page-shuffle tests/vm/page-shuffle.result
pass tests/vm/page-shuffle
pintos -v -k -T 60 --qemu  --fs-disk=2 -p tests/vm/mmap-read -a mmap-read -p ../../tests/vm/sample.txt -a sample.txt --swap-disk=4 -- -q   -f run mmap-read < /dev/null 2> tests/vm/mmap-read.errors > tests/vm/mmap-read.output
perl -I../.. ../../tests/vm/mmap-read.ck tests/vm/mmap-read tests/vm/mmap-read.result
FAIL tests/vm/mmap-read
Test output failed to match any acceptable form.

Acceptable output:
  (mmap-read) begin
  (mmap-read) open "sample.txt"
  (mmap-read) mmap "sample.txt"
  (mmap-read) end
Differences in `diff -u' format:
  (mmap-read) begin
  (mmap-read) open "sample.txt"
  (mmap-read) mmap "sample.txt"
- (mmap-read) end

(Process exit codes are excluded for matching purposes.)
pintos -v -k -T 60 --qemu  --fs-disk=2 -p tests/vm/mmap-close -a mmap-close -p ../../tests/vm/sample.txt -a sample.txt --swap-disk=4 -- -q   -f run mmap-close < /dev/null 2> tests/vm/mmap-close.errors > tests/vm/mmap-close.output
perl -I../.. ../../tests/vm/mmap-close.ck tests/vm/mmap-close tests/vm/mmap-close.result
FAIL tests/vm/mmap-close
Test output failed to match any acceptable form.

Acceptable output:
  (mmap-close) begin
  (mmap-close) open "sample.txt"
  (mmap-close) mmap "sample.txt"
  (mmap-close) end
Differences in `diff -u' format:
  (mmap-close) begin
  (mmap-close) open "sample.txt"
  (mmap-close) mmap "sample.txt"
- (mmap-close) end

(Process exit codes are excluded for matching purposes.)
pintos -v -k -T 60 --qemu  --fs-disk=2 -p tests/vm/mmap-unmap -a mmap-unmap -p ../../tests/vm/sample.txt -a sample.txt --swap-disk=4 -- -q   -f run mmap-unmap < /dev/null 2> tests/vm/mmap-unmap.errors > tests/vm/mmap-unmap.output
perl -I../.. ../../tests/vm/mmap-unmap.ck tests/vm/mmap-unmap tests/vm/mmap-unmap.result
pass tests/vm/mmap-unmap
dd if=/dev/zero of=tests/vm/zeros bs=1024 count=6
pintos -v -k -T 60 --qemu  --fs-disk=2 -p tests/vm/mmap-overlap -a mmap-overlap -p tests/vm/zeros -a zeros --swap-disk=4 -- -q   -f run mmap-overlap < /dev/null 2> tests/vm/mmap-overlap.errors > tests/vm/mmap-overlap.output
perl -I../.. ../../tests/vm/mmap-overlap.ck tests/vm/mmap-overlap tests/vm/mmap-overlap.result
FAIL tests/vm/mmap-overlap
Test output failed to match any acceptable form.

Acceptable output:
  (mmap-overlap) begin
  (mmap-overlap) open "zeros" once
  (mmap-overlap) mmap "zeros"
  (mmap-overlap) open "zeros" again
  (mmap-overlap) try to mmap "zeros" again
  (mmap-overlap) end
Differences in `diff -u' format:
  (mmap-overlap) begin
  (mmap-overlap) open "zeros" once
  (mmap-overlap) mmap "zeros"
- (mmap-overlap) open "zeros" again
- (mmap-overlap) try to mmap "zeros" again
- (mmap-overlap) end

(Process exit codes are excluded for matching purposes.)
pintos -v -k -T 60 --qemu  --fs-disk=2 -p tests/vm/mmap-twice -a mmap-twice -p ../../tests/vm/sample.txt -a sample.txt --swap-disk=4 -- -q   -f run mmap-twice < /dev/null 2> tests/vm/mmap-twice.errors > tests/vm/mmap-twice.output
perl -I../.. ../../tests/vm/mmap-twice.ck tests/vm/mmap-twice tests/vm/mmap-twice.result
FAIL tests/vm/mmap-twice
Test output failed to match any acceptable form.

Acceptable output:
  (mmap-twice) begin
  (mmap-twice) open "sample.txt" #0
  (mmap-twice) mmap "sample.txt" #0 at 0x10000000
  (mmap-twice) open "sample.txt" #1
  (mmap-twice) mmap "sample.txt" #1 at 0x20000000
  (mmap-twice) compare mmap'd file 0 against data
  (mmap-twice) compare mmap'd file 1 against data
  (mmap-twice) end
Differences in `diff -u' format:
  (mmap-twice) begin
  (mmap-twice) open "sample.txt" #0
  (mmap-twice) mmap "sample.txt" #0 at 0x10000000
- (mmap-twice) open "sample.txt" #1
- (mmap-twice) mmap "sample.txt" #1 at 0x20000000
- (mmap-twice) compare mmap'd file 0 against data
- (mmap-twice) compare mmap'd file 1 against data
- (mmap-twice) end

(Process exit codes are excluded for matching purposes.)
pintos -v -k -T 60 --qemu  --fs-disk=2 -p tests/vm/mmap-write -a mmap-write --swap-disk=4 -- -q   -f run mmap-write < /dev/null 2> tests/vm/mmap-write.errors > tests/vm/mmap-write.output
perl -I../.. ../../tests/vm/mmap-write.ck tests/vm/mmap-write tests/vm/mmap-write.result
FAIL tests/vm/mmap-write
Test output failed to match any acceptable form.

Acceptable output:
  (mmap-write) begin
  (mmap-write) create "sample.txt"
  (mmap-write) open "sample.txt"
  (mmap-write) mmap "sample.txt"
  (mmap-write) compare read data against written data
  (mmap-write) end
Differences in `diff -u' format:
  (mmap-write) begin
  (mmap-write) create "sample.txt"
  (mmap-write) open "sample.txt"
  (mmap-write) mmap "sample.txt"
- (mmap-write) compare read data against written data
- (mmap-write) end

(Process exit codes are excluded for matching purposes.)
pintos -v -k -T 60 --qemu  --fs-disk=2 -p tests/vm/mmap-exit -a mmap-exit -p tests/vm/child-mm-wrt -a child-mm-wrt --swap-disk=4 -- -q   -f run mmap-exit < /dev/null 2> tests/vm/mmap-exit.errors > tests/vm/mmap-exit.output
perl -I../.. ../../tests/vm/mmap-exit.ck tests/vm/mmap-exit tests/vm/mmap-exit.result
FAIL tests/vm/mmap-exit
run: wait for child (should return 0): FAILED
pintos -v -k -T 600 --qemu  --fs-disk=2 -p tests/vm/mmap-shuffle -a mmap-shuffle --swap-disk=4 -- -q   -f run mmap-shuffle < /dev/null 2> tests/vm/mmap-shuffle.errors > tests/vm/mmap-shuffle.output
perl -I../.. ../../tests/vm/mmap-shuffle.ck tests/vm/mmap-shuffle tests/vm/mmap-shuffle.result
FAIL tests/vm/mmap-shuffle
Test output failed to match any acceptable form.

Acceptable output:
  (mmap-shuffle) begin
  (mmap-shuffle) create "buffer"
  (mmap-shuffle) open "buffer"
  (mmap-shuffle) mmap "buffer"
  (mmap-shuffle) init: cksum=3115322833
  (mmap-shuffle) shuffle 0: cksum=1691062564
  (mmap-shuffle) shuffle 1: cksum=1973575879
  (mmap-shuffle) shuffle 2: cksum=1647619479
  (mmap-shuffle) shuffle 3: cksum=96566261
  (mmap-shuffle) shuffle 4: cksum=3885786467
  (mmap-shuffle) shuffle 5: cksum=3022003332
  (mmap-shuffle) shuffle 6: cksum=3614934266
  (mmap-shuffle) shuffle 7: cksum=2704001777
  (mmap-shuffle) shuffle 8: cksum=735775156
  (mmap-shuffle) shuffle 9: cksum=1864109763
  (mmap-shuffle) end
Differences in `diff -u' format:
  (mmap-shuffle) begin
  (mmap-shuffle) create "buffer"
  (mmap-shuffle) open "buffer"
  (mmap-shuffle) mmap "buffer"
- (mmap-shuffle) init: cksum=3115322833
- (mmap-shuffle) shuffle 0: cksum=1691062564
- (mmap-shuffle) shuffle 1: cksum=1973575879
- (mmap-shuffle) shuffle 2: cksum=1647619479
- (mmap-shuffle) shuffle 3: cksum=96566261
- (mmap-shuffle) shuffle 4: cksum=3885786467
- (mmap-shuffle) shuffle 5: cksum=3022003332
- (mmap-shuffle) shuffle 6: cksum=3614934266
- (mmap-shuffle) shuffle 7: cksum=2704001777
- (mmap-shuffle) shuffle 8: cksum=735775156
- (mmap-shuffle) shuffle 9: cksum=1864109763
- (mmap-shuffle) end

(Process exit codes are excluded for matching purposes.)
pintos -v -k -T 60 --qemu  --fs-disk=2 -p tests/vm/mmap-bad-fd -a mmap-bad-fd --swap-disk=4 -- -q   -f run mmap-bad-fd < /dev/null 2> tests/vm/mmap-bad-fd.errors > tests/vm/mmap-bad-fd.output
perl -I../.. ../../tests/vm/mmap-bad-fd.ck tests/vm/mmap-bad-fd tests/vm/mmap-bad-fd.result
pass tests/vm/mmap-bad-fd
pintos -v -k -T 60 --qemu  --fs-disk=2 -p tests/vm/mmap-clean -a mmap-clean -p ../../tests/vm/sample.txt -a sample.txt --swap-disk=4 -- -q   -f run mmap-clean < /dev/null 2> tests/vm/mmap-clean.errors > tests/vm/mmap-clean.output
perl -I../.. ../../tests/vm/mmap-clean.ck tests/vm/mmap-clean tests/vm/mmap-clean.result
FAIL tests/vm/mmap-clean
Test output failed to match any acceptable form.

Acceptable output:
  (mmap-clean) begin
  (mmap-clean) open "sample.txt"
  (mmap-clean) mmap "sample.txt"
  (mmap-clean) write "sample.txt"
  (mmap-clean) munmap "sample.txt"
  (mmap-clean) seek "sample.txt"
  (mmap-clean) read "sample.txt"
  (mmap-clean) file change was retained after munmap
  (mmap-clean) end
Differences in `diff -u' format:
  (mmap-clean) begin
  (mmap-clean) open "sample.txt"
  (mmap-clean) mmap "sample.txt"
- (mmap-clean) write "sample.txt"
- (mmap-clean) munmap "sample.txt"
- (mmap-clean) seek "sample.txt"
- (mmap-clean) read "sample.txt"
- (mmap-clean) file change was retained after munmap
- (mmap-clean) end

(Process exit codes are excluded for matching purposes.)
pintos -v -k -T 60 --qemu  --fs-disk=2 -p tests/vm/mmap-inherit -a mmap-inherit -p ../../tests/vm/sample.txt -a sample.txt -p tests/vm/child-inherit -a child-inherit --swap-disk=4 -- -q   -f run mmap-inherit < /dev/null 2> tests/vm/mmap-inherit.errors > tests/vm/mmap-inherit.output
perl -I../.. ../../tests/vm/mmap-inherit.ck tests/vm/mmap-inherit tests/vm/mmap-inherit.result
FAIL tests/vm/mmap-inherit
Test output failed to match any acceptable form.

Acceptable output:
  (mmap-inherit) begin
  (mmap-inherit) open "sample.txt"
  (mmap-inherit) mmap "sample.txt"
  (mmap-inherit) exec "child-inherit"
  (child-inherit) begin
  child-inherit: exit(-1)
  (mmap-inherit) checking that mmap'd file still has same data
  (mmap-inherit) end
  mmap-inherit: exit(0)
Differences in `diff -u' format:
  (mmap-inherit) begin
  (mmap-inherit) open "sample.txt"
  (mmap-inherit) mmap "sample.txt"
- (mmap-inherit) exec "child-inherit"
- (child-inherit) begin
- child-inherit: exit(-1)
- (mmap-inherit) checking that mmap'd file still has same data
- (mmap-inherit) end
- mmap-inherit: exit(0)
+ mmap-inherit: exit(-1)

(User fault messages are excluded for matching purposes.)
pintos -v -k -T 60 --qemu  --fs-disk=2 -p tests/vm/mmap-misalign -a mmap-misalign -p ../../tests/vm/sample.txt -a sample.txt --swap-disk=4 -- -q   -f run mmap-misalign < /dev/null 2> tests/vm/mmap-misalign.errors > tests/vm/mmap-misalign.output
perl -I../.. ../../tests/vm/mmap-misalign.ck tests/vm/mmap-misalign tests/vm/mmap-misalign.result
FAIL tests/vm/mmap-misalign
Test output failed to match any acceptable form.

Acceptable output:
  (mmap-misalign) begin
  (mmap-misalign) open "sample.txt"
  (mmap-misalign) try to mmap at misaligned address
  (mmap-misalign) end
Differences in `diff -u' format:
  (mmap-misalign) begin
  (mmap-misalign) open "sample.txt"
  (mmap-misalign) try to mmap at misaligned address
- (mmap-misalign) end

(Process exit codes are excluded for matching purposes.)
pintos -v -k -T 60 --qemu  --fs-disk=2 -p tests/vm/mmap-null -a mmap-null -p ../../tests/vm/sample.txt -a sample.txt --swap-disk=4 -- -q   -f run mmap-null < /dev/null 2> tests/vm/mmap-null.errors > tests/vm/mmap-null.output
perl -I../.. ../../tests/vm/mmap-null.ck tests/vm/mmap-null tests/vm/mmap-null.result
FAIL tests/vm/mmap-null
Test output failed to match any acceptable form.

Acceptable output:
  (mmap-null) begin
  (mmap-null) open "sample.txt"
  (mmap-null) try to mmap at address 0
  (mmap-null) end
Differences in `diff -u' format:
  (mmap-null) begin
  (mmap-null) open "sample.txt"
  (mmap-null) try to mmap at address 0
- (mmap-null) end

(Process exit codes are excluded for matching purposes.)
pintos -v -k -T 60 --qemu  --fs-disk=2 -p tests/vm/mmap-over-code -a mmap-over-code -p ../../tests/vm/sample.txt -a sample.txt --swap-disk=4 -- -q   -f run mmap-over-code < /dev/null 2> tests/vm/mmap-over-code.errors > tests/vm/mmap-over-code.output
perl -I../.. ../../tests/vm/mmap-over-code.ck tests/vm/mmap-over-code tests/vm/mmap-over-code.result
FAIL tests/vm/mmap-over-code
Test output failed to match any acceptable form.

Acceptable output:
  (mmap-over-code) begin
  (mmap-over-code) open "sample.txt"
  (mmap-over-code) try to mmap over code segment
  (mmap-over-code) end
Differences in `diff -u' format:
  (mmap-over-code) begin
  (mmap-over-code) open "sample.txt"
  (mmap-over-code) try to mmap over code segment
- (mmap-over-code) end

(Process exit codes are excluded for matching purposes.)
pintos -v -k -T 60 --qemu  --fs-disk=2 -p tests/vm/mmap-over-data -a mmap-over-data -p ../../tests/vm/sample.txt -a sample.txt --swap-disk=4 -- -q   -f run mmap-over-data < /dev/null 2> tests/vm/mmap-over-data.errors > tests/vm/mmap-over-data.output
perl -I../.. ../../tests/vm/mmap-over-data.ck tests/vm/mmap-over-data tests/vm/mmap-over-data.result
FAIL tests/vm/mmap-over-data
Test output failed to match any acceptable form.

Acceptable output:
  (mmap-over-data) begin
  (mmap-over-data) open "sample.txt"
  (mmap-over-data) try to mmap over data segment
  (mmap-over-data) end
Differences in `diff -u' format:
  (mmap-over-data) begin
  (mmap-over-data) open "sample.txt"
  (mmap-over-data) try to mmap over data segment
- (mmap-over-data) end

(Process exit codes are excluded for matching purposes.)
pintos -v -k -T 60 --qemu  --fs-disk=2 -p tests/vm/mmap-over-stk -a mmap-over-stk -p ../../tests/vm/sample.txt -a sample.txt --swap-disk=4 -- -q   -f run mmap-over-stk < /dev/null 2> tests/vm/mmap-over-stk.errors > tests/vm/mmap-over-stk.output
perl -I../.. ../../tests/vm/mmap-over-stk.ck tests/vm/mmap-over-stk tests/vm/mmap-over-stk.result
FAIL tests/vm/mmap-over-stk
Test output failed to match any acceptable form.

Acceptable output:
  (mmap-over-stk) begin
  (mmap-over-stk) open "sample.txt"
  (mmap-over-stk) try to mmap over stack segment
  (mmap-over-stk) end
Differences in `diff -u' format:
  (mmap-over-stk) begin
  (mmap-over-stk) open "sample.txt"
  (mmap-over-stk) try to mmap over stack segment
- (mmap-over-stk) end

(Process exit codes are excluded for matching purposes.)
pintos -v -k -T 60 --qemu  --fs-disk=2 -p tests/vm/mmap-remove -a mmap-remove -p ../../tests/vm/sample.txt -a sample.txt --swap-disk=4 -- -q   -f run mmap-remove < /dev/null 2> tests/vm/mmap-remove.errors > tests/vm/mmap-remove.output
perl -I../.. ../../tests/vm/mmap-remove.ck tests/vm/mmap-remove tests/vm/mmap-remove.result
FAIL tests/vm/mmap-remove
Test output failed to match any acceptable form.

Acceptable output:
  (mmap-remove) begin
  (mmap-remove) open "sample.txt"
  (mmap-remove) mmap "sample.txt"
  (mmap-remove) remove "sample.txt"
  (mmap-remove) try to open "sample.txt"
  (mmap-remove) create "another"
  (mmap-remove) end
Differences in `diff -u' format:
  (mmap-remove) begin
  (mmap-remove) open "sample.txt"
  (mmap-remove) mmap "sample.txt"
- (mmap-remove) remove "sample.txt"
- (mmap-remove) try to open "sample.txt"
- (mmap-remove) create "another"
- (mmap-remove) end

(Process exit codes are excluded for matching purposes.)
pintos -v -k -T 60 --qemu  --fs-disk=2 -p tests/vm/mmap-zero -a mmap-zero --swap-disk=4 -- -q   -f run mmap-zero < /dev/null 2> tests/vm/mmap-zero.errors > tests/vm/mmap-zero.output
perl -I../.. ../../tests/vm/mmap-zero.ck tests/vm/mmap-zero tests/vm/mmap-zero.result
pass tests/vm/mmap-zero
pintos -v -k -T 60 --qemu  --fs-disk=2 -p tests/filesys/base/lg-create -a lg-create --swap-disk=4 -- -q   -f run lg-create < /dev/null 2> tests/filesys/base/lg-create.errors > tests/filesys/base/lg-create.output
perl -I../.. ../../tests/filesys/base/lg-create.ck tests/filesys/base/lg-create tests/filesys/base/lg-create.result
pass tests/filesys/base/lg-create
pintos -v -k -T 60 --qemu  --fs-disk=2 -p tests/filesys/base/lg-full -a lg-full --swap-disk=4 -- -q   -f run lg-full < /dev/null 2> tests/filesys/base/lg-full.errors > tests/filesys/base/lg-full.output
perl -I../.. ../../tests/filesys/base/lg-full.ck tests/filesys/base/lg-full tests/filesys/base/lg-full.result
pass tests/filesys/base/lg-full
pintos -v -k -T 60 --qemu  --fs-disk=2 -p tests/filesys/base/lg-random -a lg-random --swap-disk=4 -- -q   -f run lg-random < /dev/null 2> tests/filesys/base/lg-random.errors > tests/filesys/base/lg-random.output
perl -I../.. ../../tests/filesys/base/lg-random.ck tests/filesys/base/lg-random tests/filesys/base/lg-random.result
pass tests/filesys/base/lg-random
pintos -v -k -T 60 --qemu  --fs-disk=2 -p tests/filesys/base/lg-seq-block -a lg-seq-block --swap-disk=4 -- -q   -f run lg-seq-block < /dev/null 2> tests/filesys/base/lg-seq-block.errors > tests/filesys/base/lg-seq-block.output
perl -I../.. ../../tests/filesys/base/lg-seq-block.ck tests/filesys/base/lg-seq-block tests/filesys/base/lg-seq-block.result
pass tests/filesys/base/lg-seq-block
pintos -v -k -T 60 --qemu  --fs-disk=2 -p tests/filesys/base/lg-seq-random -a lg-seq-random --swap-disk=4 -- -q   -f run lg-seq-random < /dev/null 2> tests/filesys/base/lg-seq-random.errors > tests/filesys/base/lg-seq-random.output
perl -I../.. ../../tests/filesys/base/lg-seq-random.ck tests/filesys/base/lg-seq-random tests/filesys/base/lg-seq-random.result
pass tests/filesys/base/lg-seq-random
pintos -v -k -T 60 --qemu  --fs-disk=2 -p tests/filesys/base/sm-create -a sm-create --swap-disk=4 -- -q   -f run sm-create < /dev/null 2> tests/filesys/base/sm-create.errors > tests/filesys/base/sm-create.output
perl -I../.. ../../tests/filesys/base/sm-create.ck tests/filesys/base/sm-create tests/filesys/base/sm-create.result
pass tests/filesys/base/sm-create
pintos -v -k -T 60 --qemu  --fs-disk=2 -p tests/filesys/base/sm-full -a sm-full --swap-disk=4 -- -q   -f run sm-full < /dev/null 2> tests/filesys/base/sm-full.errors > tests/filesys/base/sm-full.output
perl -I../.. ../../tests/filesys/base/sm-full.ck tests/filesys/base/sm-full tests/filesys/base/sm-full.result
pass tests/filesys/base/sm-full
pintos -v -k -T 60 --qemu  --fs-disk=2 -p tests/filesys/base/sm-random -a sm-random --swap-disk=4 -- -q   -f run sm-random < /dev/null 2> tests/filesys/base/sm-random.errors > tests/filesys/base/sm-random.output
perl -I../.. ../../tests/filesys/base/sm-random.ck tests/filesys/base/sm-random tests/filesys/base/sm-random.result
pass tests/filesys/base/sm-random
pintos -v -k -T 60 --qemu  --fs-disk=2 -p tests/filesys/base/sm-seq-block -a sm-seq-block --swap-disk=4 -- -q   -f run sm-seq-block < /dev/null 2> tests/filesys/base/sm-seq-block.errors > tests/filesys/base/sm-seq-block.output
perl -I../.. ../../tests/filesys/base/sm-seq-block.ck tests/filesys/base/sm-seq-block tests/filesys/base/sm-seq-block.result
pass tests/filesys/base/sm-seq-block
pintos -v -k -T 60 --qemu  --fs-disk=2 -p tests/filesys/base/sm-seq-random -a sm-seq-random --swap-disk=4 -- -q   -f run sm-seq-random < /dev/null 2> tests/filesys/base/sm-seq-random.errors > tests/filesys/base/sm-seq-random.output
perl -I../.. ../../tests/filesys/base/sm-seq-random.ck tests/filesys/base/sm-seq-random tests/filesys/base/sm-seq-random.result
pass tests/filesys/base/sm-seq-random
pintos -v -k -T 300 --qemu  --fs-disk=2 -p tests/filesys/base/syn-read -a syn-read -p tests/filesys/base/child-syn-read -a child-syn-read --swap-disk=4 -- -q   -f run syn-read < /dev/null 2> tests/filesys/base/syn-read.errors > tests/filesys/base/syn-read.output
perl -I../.. ../../tests/filesys/base/syn-read.ck tests/filesys/base/syn-read tests/filesys/base/syn-read.result
FAIL tests/filesys/base/syn-read
Kernel panic in run: PANIC at ../../threads/palloc.c:150 in palloc_free_multiple(): assertion `bitmap_all (pool->used_map, page_idx, page_cnt)' failed.
Call stack: 0xc012be94
Translation of call stack:
0xc012be94: (unknown)
pintos -v -k -T 60 --qemu  --fs-disk=2 -p tests/filesys/base/syn-remove -a syn-remove --swap-disk=4 -- -q   -f run syn-remove < /dev/null 2> tests/filesys/base/syn-remove.errors > tests/filesys/base/syn-remove.output
perl -I../.. ../../tests/filesys/base/syn-remove.ck tests/filesys/base/syn-remove tests/filesys/base/syn-remove.result
pass tests/filesys/base/syn-remove
pintos -v -k -T 60 --qemu  --fs-disk=2 -p tests/filesys/base/syn-write -a syn-write -p tests/filesys/base/child-syn-wrt -a child-syn-wrt --swap-disk=4 -- -q   -f run syn-write < /dev/null 2> tests/filesys/base/syn-write.errors > tests/filesys/base/syn-write.output
perl -I../.. ../../tests/filesys/base/syn-write.ck tests/filesys/base/syn-write tests/filesys/base/syn-write.result
FAIL tests/filesys/base/syn-write
Kernel panic in run: PANIC at ../../threads/palloc.c:150 in palloc_free_multiple(): assertion `bitmap_all (pool->used_map, page_idx, page_cnt)' failed.
Call stack: 0xc0133e94
Translation of call stack:
0xc0133e94: (unknown)
pass tests/userprog/args-none
pass tests/userprog/args-single
pass tests/userprog/args-multiple
pass tests/userprog/args-many
pass tests/userprog/args-dbl-space
pass tests/userprog/sc-bad-sp
pass tests/userprog/sc-bad-arg
pass tests/userprog/sc-boundary
pass tests/userprog/sc-boundary-2
pass tests/userprog/halt
pass tests/userprog/exit
pass tests/userprog/create-normal
pass tests/userprog/create-empty
pass tests/userprog/create-null
pass tests/userprog/create-bad-ptr
pass tests/userprog/create-long
pass tests/userprog/create-exists
pass tests/userprog/create-bound
pass tests/userprog/open-normal
pass tests/userprog/open-missing
pass tests/userprog/open-boundary
pass tests/userprog/open-empty
pass tests/userprog/open-null
pass tests/userprog/open-bad-ptr
pass tests/userprog/open-twice
pass tests/userprog/close-normal
pass tests/userprog/close-twice
pass tests/userprog/close-stdin
pass tests/userprog/close-stdout
pass tests/userprog/close-bad-fd
pass tests/userprog/read-normal
pass tests/userprog/read-bad-ptr
FAIL tests/userprog/read-boundary
pass tests/userprog/read-zero
pass tests/userprog/read-stdout
pass tests/userprog/read-bad-fd
pass tests/userprog/write-normal
pass tests/userprog/write-bad-ptr
pass tests/userprog/write-boundary
pass tests/userprog/write-zero
pass tests/userprog/write-stdin
pass tests/userprog/write-bad-fd
pass tests/userprog/exec-once
pass tests/userprog/exec-arg
pass tests/userprog/exec-multiple
pass tests/userprog/exec-missing
pass tests/userprog/exec-bad-ptr
pass tests/userprog/wait-simple
pass tests/userprog/wait-twice
pass tests/userprog/wait-killed
pass tests/userprog/wait-bad-pid
pass tests/userprog/multi-recurse
pass tests/userprog/multi-child-fd
FAIL tests/userprog/rox-simple
FAIL tests/userprog/rox-child
FAIL tests/userprog/rox-multichild
pass tests/userprog/bad-read
pass tests/userprog/bad-write
pass tests/userprog/bad-read2
pass tests/userprog/bad-write2
pass tests/userprog/bad-jump
pass tests/userprog/bad-jump2
FAIL tests/vm/pt-grow-stack
FAIL tests/vm/pt-grow-pusha
pass tests/vm/pt-grow-bad
FAIL tests/vm/pt-big-stk-obj
pass tests/vm/pt-bad-addr
pass tests/vm/pt-bad-read
pass tests/vm/pt-write-code
FAIL tests/vm/pt-write-code2
FAIL tests/vm/pt-grow-stk-sc
FAIL tests/vm/page-linear
FAIL tests/vm/page-parallel
FAIL tests/vm/page-merge-seq
FAIL tests/vm/page-merge-par
FAIL tests/vm/page-merge-stk
FAIL tests/vm/page-merge-mm
pass tests/vm/page-shuffle
FAIL tests/vm/mmap-read
FAIL tests/vm/mmap-close
pass tests/vm/mmap-unmap
FAIL tests/vm/mmap-overlap
FAIL tests/vm/mmap-twice
FAIL tests/vm/mmap-write
FAIL tests/vm/mmap-exit
FAIL tests/vm/mmap-shuffle
pass tests/vm/mmap-bad-fd
FAIL tests/vm/mmap-clean
FAIL tests/vm/mmap-inherit
FAIL tests/vm/mmap-misalign
FAIL tests/vm/mmap-null
FAIL tests/vm/mmap-over-code
FAIL tests/vm/mmap-over-data
FAIL tests/vm/mmap-over-stk
FAIL tests/vm/mmap-remove
pass tests/vm/mmap-zero
pass tests/filesys/base/lg-create
pass tests/filesys/base/lg-full
pass tests/filesys/base/lg-random
pass tests/filesys/base/lg-seq-block
pass tests/filesys/base/lg-seq-random
pass tests/filesys/base/sm-create
pass tests/filesys/base/sm-full
pass tests/filesys/base/sm-random
pass tests/filesys/base/sm-seq-block
pass tests/filesys/base/sm-seq-random
FAIL tests/filesys/base/syn-read
pass tests/filesys/base/syn-remove
FAIL tests/filesys/base/syn-write
32 of 109 tests failed.
make[1]: Leaving directory `/home/CS342/2014/STUD/group15/kunal/pintos/src/vm/build'
